2024-07-14 13:04:19,940 [ERROR] LogOutputStream:75 - [STDERR_REDIRECT] 
2024-07-14 13:16:54,192 [INFO] Activator:176 - 


2024-07-14 13:16:54,193 [INFO] Activator:177 - !SESSION log4j initialized
2024-07-14 13:16:58,192 [INFO] LogOutputStream:77 - [STDOUT_REDIRECT] 
2024-07-14 13:16:59,201 [INFO] ApplicationProperties:184 - Using Application install path: C:\ST\STM32CubeIDE_1.16.0\STM32CubeIDE\plugins\com.st.stm32cube.common.mx_6.12.0.202406281431
2024-07-14 13:16:59,211 [INFO] DbMcusXml:78 - Set database path to: C:\ST\STM32CubeIDE_1.16.0\STM32CubeIDE\plugins\com.st.stm32cube.common.mx_6.12.0.202406281431\\db\/mcu/
2024-07-14 13:16:59,211 [INFO] ApiDb:274 - Set plugin database path to: C:\ST\STM32CubeIDE_1.16.0\STM32CubeIDE\plugins\com.st.stm32cube.common.mx_6.12.0.202406281431\\db\/plugins/boardmanager/
2024-07-14 13:16:59,211 [WARN] ApiDb:259 - Overriding images path with different value:  => C:\ST\STM32CubeIDE_1.16.0\STM32CubeIDE\plugins\com.st.stm32cube.common.mx_6.12.0.202406281431\\db\/plugins/mcufinder/images/
2024-07-14 13:16:59,214 [INFO] ApiDb:250 - Set database path to: C:\Users\chris\.stmcufinder\plugins\mcufinder//mcu/
2024-07-14 13:16:59,215 [INFO] DbMcusAds:125 - Set database path to: C:\Users\chris\.stmcufinder\plugins\mcufinder//mcu/
2024-07-14 13:16:59,216 [INFO] CrossReferenceDbSqlite:203 - Set database path to: C:\Users\chris\.stmcufinder\plugins\mcufinder//mcu/cs/
2024-07-14 13:16:59,276 [INFO] RulesReader:64 - Compatibility file has been processed (297 Rules)
2024-07-14 13:16:59,317 [INFO] DbMcusXml:78 - Set database path to: C:\ST\STM32CubeIDE_1.16.0\STM32CubeIDE\plugins\com.st.stm32cube.common.mx_6.12.0.202406281431\\db\/mcu/
2024-07-14 13:16:59,317 [INFO] ApiDb:274 - Set plugin database path to: C:\ST\STM32CubeIDE_1.16.0\STM32CubeIDE\plugins\com.st.stm32cube.common.mx_6.12.0.202406281431\\db\/plugins/boardmanager/
2024-07-14 13:16:59,317 [INFO] ApiDb:261 - Set plugin images path to: C:\ST\STM32CubeIDE_1.16.0\STM32CubeIDE\plugins\com.st.stm32cube.common.mx_6.12.0.202406281431\\db\/plugins/mcufinder/images/
2024-07-14 13:16:59,317 [WARN] DbFile:41 - Overriding database path with different value: C:\Users\chris\.stmcufinder\plugins\mcufinder/ => C:\Users\chris\.stmcufinder\plugins\mcufinder
2024-07-14 13:16:59,317 [INFO] ApiDb:250 - Set database path to: C:\Users\chris\.stmcufinder\plugins\mcufinder//mcu/
2024-07-14 13:16:59,317 [WARN] DbFile:41 - Overriding database path with different value: C:\Users\chris\.stmcufinder\plugins\mcufinder/ => C:\Users\chris\.stmcufinder\plugins\mcufinder
2024-07-14 13:16:59,317 [INFO] DbMcusAds:125 - Set database path to: C:\Users\chris\.stmcufinder\plugins\mcufinder//mcu/
2024-07-14 13:16:59,317 [WARN] DbFile:41 - Overriding database path with different value: C:\Users\chris\.stmcufinder\plugins\mcufinder/ => C:\Users\chris\.stmcufinder\plugins\mcufinder
2024-07-14 13:16:59,317 [WARN] DbFile:41 - Overriding database path with different value: C:\Users\chris\.stmcufinder\plugins\mcufinder/ => C:\Users\chris\.stmcufinder\plugins\mcufinder
2024-07-14 13:16:59,317 [INFO] CrossReferenceDbSqlite:203 - Set database path to: C:\Users\chris\.stmcufinder\plugins\mcufinder//mcu/cs/
2024-07-14 13:16:59,363 [INFO] MainPanel:268 - HeapMemory: 268435456
2024-07-14 13:16:59,403 [INFO] DbMcusXml:78 - Set database path to: C:\ST\STM32CubeIDE_1.16.0\STM32CubeIDE\plugins\com.st.stm32cube.common.mx_6.12.0.202406281431\\db\/mcu/
2024-07-14 13:16:59,403 [INFO] ApiDb:274 - Set plugin database path to: C:\ST\STM32CubeIDE_1.16.0\STM32CubeIDE\plugins\com.st.stm32cube.common.mx_6.12.0.202406281431\\db\/plugins/boardmanager/
2024-07-14 13:16:59,403 [INFO] ApiDb:261 - Set plugin images path to: C:\ST\STM32CubeIDE_1.16.0\STM32CubeIDE\plugins\com.st.stm32cube.common.mx_6.12.0.202406281431\\db\/plugins/mcufinder/images/
2024-07-14 13:16:59,403 [WARN] DbFile:41 - Overriding database path with different value: C:\Users\chris\.stmcufinder\plugins\mcufinder/ => C:\Users\chris\.stmcufinder\plugins\mcufinder
2024-07-14 13:16:59,403 [INFO] ApiDb:250 - Set database path to: C:\Users\chris\.stmcufinder\plugins\mcufinder//mcu/
2024-07-14 13:16:59,403 [WARN] DbFile:41 - Overriding database path with different value: C:\Users\chris\.stmcufinder\plugins\mcufinder/ => C:\Users\chris\.stmcufinder\plugins\mcufinder
2024-07-14 13:16:59,403 [INFO] DbMcusAds:125 - Set database path to: C:\Users\chris\.stmcufinder\plugins\mcufinder//mcu/
2024-07-14 13:16:59,404 [WARN] DbFile:41 - Overriding database path with different value: C:\Users\chris\.stmcufinder\plugins\mcufinder/ => C:\Users\chris\.stmcufinder\plugins\mcufinder
2024-07-14 13:16:59,404 [WARN] DbFile:41 - Overriding database path with different value: C:\Users\chris\.stmcufinder\plugins\mcufinder/ => C:\Users\chris\.stmcufinder\plugins\mcufinder
2024-07-14 13:16:59,404 [INFO] CrossReferenceDbSqlite:203 - Set database path to: C:\Users\chris\.stmcufinder\plugins\mcufinder//mcu/cs/
2024-07-14 13:16:59,413 [INFO] ApplicationProperties:184 - Using Application install path: C:\ST\STM32CubeIDE_1.16.0\STM32CubeIDE\plugins\com.st.stm32cube.common.mx_6.12.0.202406281431
2024-07-14 13:16:59,414 [INFO] PluginManage:196 - Search for loadable plugins [exclusion list=, ]
2024-07-14 13:16:59,415 [INFO] PluginManage:310 - Check plugin analytics
2024-07-14 13:16:59,495 [INFO] AnalyticsPlugin:253 - Accepted Software Licenses: 
2024-07-14 13:16:59,495 [INFO] AnalyticsPlugin:255 - Accepted CMSIS Pack Licenses: 
2024-07-14 13:16:59,495 [INFO] AnalyticsPlugin:257 - Accepted Firmware Licenses: FW.H7.1.10.0,FW.F7.1.17.0,FW.H7.1.11.0
2024-07-14 13:16:59,497 [INFO] PluginManage:359 - Loaded plugin analytics (category:tool,tabindex:-1)
2024-07-14 13:16:59,497 [INFO] PluginManage:310 - Check plugin cadmodel
2024-07-14 13:16:59,505 [INFO] CADModel:105 - Init CAD model plugin
2024-07-14 13:16:59,505 [INFO] PluginManage:359 - Loaded plugin cadmodel (category:power,tabindex:5)
2024-07-14 13:16:59,506 [INFO] PluginManage:310 - Check plugin clock
2024-07-14 13:16:59,521 [INFO] PluginManage:359 - Loaded plugin clock (category:base,tabindex:2)
2024-07-14 13:16:59,521 [INFO] PluginManage:310 - Check plugin ddr
2024-07-14 13:16:59,523 [INFO] PluginManage:359 - Loaded plugin ddr (category:tool,tabindex:6)
2024-07-14 13:16:59,523 [INFO] PluginManage:310 - Check plugin filemanager
2024-07-14 13:16:59,597 [INFO] PluginManage:359 - Loaded plugin filemanager (category:base,tabindex:10)
2024-07-14 13:16:59,597 [INFO] PluginManage:310 - Check plugin ipmanager
2024-07-14 13:16:59,601 [INFO] PluginManage:359 - Loaded plugin ipmanager (category:base,tabindex:5)
2024-07-14 13:16:59,601 [INFO] PluginManage:310 - Check plugin lpbam
2024-07-14 13:16:59,618 [INFO] PluginManage:359 - Loaded plugin lpbam (category:base,tabindex:0)
2024-07-14 13:16:59,618 [INFO] PluginManage:310 - Check plugin memorymap
2024-07-14 13:16:59,632 [INFO] PluginManage:359 - Loaded plugin memorymap (category:base,tabindex:4)
2024-07-14 13:16:59,632 [INFO] PluginManage:310 - Check plugin pinoutandconfiguration
2024-07-14 13:16:59,641 [INFO] PluginManage:359 - Loaded plugin pinoutandconfiguration (category:base,tabindex:1)
2024-07-14 13:16:59,642 [INFO] PluginManage:310 - Check plugin pinoutconfig
2024-07-14 13:16:59,711 [WARN] SupportedApi:132 - Cannot load RTOS API schema: s4s-elt-must-match.1: The content of 'definitions' must match (annotation?, (simpleType | complexType)?, (unique | key | keyref)*)). A problem was found starting at: attribute.
2024-07-14 13:16:59,781 [INFO] PluginManage:359 - Loaded plugin pinoutconfig (category:base,tabindex:0)
2024-07-14 13:16:59,781 [INFO] PluginManage:310 - Check plugin power
2024-07-14 13:16:59,791 [INFO] PluginManage:359 - Loaded plugin power (category:power,tabindex:4)
2024-07-14 13:16:59,791 [INFO] PluginManage:310 - Check plugin projectmanager
2024-07-14 13:16:59,800 [INFO] PluginManage:359 - Loaded plugin projectmanager (category:projectmanager,tabindex:4)
2024-07-14 13:16:59,801 [INFO] PluginManage:310 - Check plugin rif
2024-07-14 13:16:59,809 [INFO] PluginManage:359 - Loaded plugin rif (category:base,tabindex:3)
2024-07-14 13:16:59,809 [INFO] PluginManage:310 - Check plugin thirdparty
2024-07-14 13:16:59,958 [INFO] PluginManage:359 - Loaded plugin thirdparty (category:base,tabindex:-1)
2024-07-14 13:16:59,958 [INFO] PluginManage:310 - Check plugin tools
2024-07-14 13:16:59,958 [WARN] IntegrityCheckThread:84 - waiting for thirdparty lock release [integrity check]
2024-07-14 13:16:59,958 [INFO] IntegrityCheckThread:86 - entering critical section [integrity check]
2024-07-14 13:16:59,958 [INFO] ThirdPartyUpdaterWithRetryManager:70 - Updater plugin not ready yet. [1/15]
2024-07-14 13:16:59,978 [INFO] PluginManage:359 - Loaded plugin tools (category:base,tabindex:7)
2024-07-14 13:16:59,979 [INFO] PluginManage:310 - Check plugin tutovideos
2024-07-14 13:17:00,094 [INFO] PluginManage:359 - Loaded plugin tutovideos (category:base,tabindex:-1)
2024-07-14 13:17:00,094 [INFO] PluginManage:310 - Check plugin updater
2024-07-14 13:17:00,102 [INFO] PluginManage:359 - Loaded plugin updater (category:base,tabindex:12)
2024-07-14 13:17:00,102 [INFO] PluginManage:310 - Check plugin userauth
2024-07-14 13:17:00,106 [INFO] UserAuth:113 - Init User Auth plugin
2024-07-14 13:17:00,106 [INFO] PluginManage:359 - Loaded plugin userauth (category:base,tabindex:14)
2024-07-14 13:17:00,106 [INFO] PluginManage:283 - PluginManage : Loaded plugins [18]
2024-07-14 13:17:00,225 [INFO] PinOutPanel:1561 - setPackage(No Configuration,No Configuration)
2024-07-14 13:17:00,270 [INFO] CADModel:165 - CPN selected for project level
2024-07-14 13:17:00,270 [INFO] CADModel:114 - Register for checkConnection events
2024-07-14 13:17:00,285 [INFO] IPUIPlugin:80 - create IPUIPlugin
2024-07-14 13:17:00,286 [INFO] PluginManager:220 - loadIPPluginJar : add adc
2024-07-14 13:17:00,317 [INFO] IPUIPlugin:80 - create IPUIPlugin
2024-07-14 13:17:00,317 [INFO] PluginManager:220 - loadIPPluginJar : add aes
2024-07-14 13:17:00,355 [INFO] IPUIPlugin:80 - create IPUIPlugin
2024-07-14 13:17:00,355 [INFO] PluginManager:220 - loadIPPluginJar : add can
2024-07-14 13:17:00,371 [INFO] IPUIPlugin:80 - create IPUIPlugin
2024-07-14 13:17:00,371 [INFO] PluginManager:220 - loadIPPluginJar : add comp
2024-07-14 13:17:00,414 [INFO] IPUIPlugin:80 - create IPUIPlugin
2024-07-14 13:17:00,414 [INFO] PluginManager:220 - loadIPPluginJar : add cryp
2024-07-14 13:17:00,420 [INFO] IPUIPlugin:80 - create IPUIPlugin
2024-07-14 13:17:00,421 [INFO] PluginManager:220 - loadIPPluginJar : add ddr_ctrl_phy
2024-07-14 13:17:00,469 [INFO] IPUIPlugin:80 - create IPUIPlugin
2024-07-14 13:17:00,470 [INFO] PluginManager:220 - loadIPPluginJar : add dfsdm
2024-07-14 13:17:00,482 [INFO] IPUIPlugin:80 - create IPUIPlugin
2024-07-14 13:17:00,482 [INFO] PluginManager:220 - loadIPPluginJar : add dma
2024-07-14 13:17:00,540 [INFO] IPUIPlugin:80 - create IPUIPlugin
2024-07-14 13:17:00,540 [INFO] PluginManager:220 - loadIPPluginJar : add dma3
2024-07-14 13:17:00,572 [INFO] IPUIPlugin:80 - create IPUIPlugin
2024-07-14 13:17:00,572 [INFO] PluginManager:220 - loadIPPluginJar : add extmemmanager
2024-07-14 13:17:00,588 [INFO] IPUIPlugin:80 - create IPUIPlugin
2024-07-14 13:17:00,588 [INFO] PluginManager:220 - loadIPPluginJar : add fatfs
2024-07-14 13:17:00,627 [INFO] IPUIPlugin:80 - create IPUIPlugin
2024-07-14 13:17:00,627 [INFO] PluginManager:220 - loadIPPluginJar : add fmc
2024-07-14 13:17:00,635 [INFO] IPUIPlugin:80 - create IPUIPlugin
2024-07-14 13:17:00,635 [INFO] PluginManager:220 - loadIPPluginJar : add freertos
2024-07-14 13:17:00,650 [INFO] IPUIPlugin:80 - create IPUIPlugin
2024-07-14 13:17:00,650 [INFO] PluginManager:220 - loadIPPluginJar : add genericplugin
2024-07-14 13:17:00,709 [INFO] IPUIPlugin:80 - create IPUIPlugin
2024-07-14 13:17:00,709 [INFO] PluginManager:220 - loadIPPluginJar : add gfxmmu
2024-07-14 13:17:00,831 [INFO] IPUIPlugin:80 - create IPUIPlugin
2024-07-14 13:17:00,831 [INFO] PluginManager:220 - loadIPPluginJar : add gic
2024-07-14 13:17:00,838 [INFO] IPUIPlugin:80 - create IPUIPlugin
2024-07-14 13:17:00,838 [INFO] PluginManager:220 - loadIPPluginJar : add gpio
2024-07-14 13:17:00,900 [INFO] IPUIPlugin:80 - create IPUIPlugin
2024-07-14 13:17:00,901 [INFO] PluginManager:220 - loadIPPluginJar : add gtzc
2024-07-14 13:17:00,919 [INFO] IPUIPlugin:80 - create IPUIPlugin
2024-07-14 13:17:00,919 [INFO] PluginManager:220 - loadIPPluginJar : add hash
2024-07-14 13:17:00,957 [INFO] IPUIPlugin:80 - create IPUIPlugin
2024-07-14 13:17:00,958 [INFO] PluginManager:220 - loadIPPluginJar : add i2c
2024-07-14 13:17:00,981 [INFO] IPUIPlugin:80 - create IPUIPlugin
2024-07-14 13:17:00,981 [INFO] PluginManager:220 - loadIPPluginJar : add i2s
2024-07-14 13:17:01,006 [INFO] IPUIPlugin:80 - create IPUIPlugin
2024-07-14 13:17:01,006 [INFO] PluginManager:220 - loadIPPluginJar : add i3c
2024-07-14 13:17:01,106 [INFO] IPUIPlugin:80 - create IPUIPlugin
2024-07-14 13:17:01,106 [INFO] PluginManager:220 - loadIPPluginJar : add ipddr
2024-07-14 13:17:01,210 [INFO] IPUIPlugin:80 - create IPUIPlugin
2024-07-14 13:17:01,210 [INFO] PluginManager:220 - loadIPPluginJar : add linkedlist
2024-07-14 13:17:01,233 [INFO] IPUIPlugin:80 - create IPUIPlugin
2024-07-14 13:17:01,233 [INFO] PluginManager:220 - loadIPPluginJar : add lorawan
2024-07-14 13:17:01,254 [INFO] IPUIPlugin:80 - create IPUIPlugin
2024-07-14 13:17:01,254 [INFO] PluginManager:220 - loadIPPluginJar : add ltdc
2024-07-14 13:17:01,269 [INFO] IPUIPlugin:80 - create IPUIPlugin
2024-07-14 13:17:01,269 [INFO] PluginManager:220 - loadIPPluginJar : add mdma
2024-07-14 13:17:01,276 [INFO] IPUIPlugin:80 - create IPUIPlugin
2024-07-14 13:17:01,276 [INFO] PluginManager:220 - loadIPPluginJar : add nvic
2024-07-14 13:17:01,297 [INFO] IPUIPlugin:80 - create IPUIPlugin
2024-07-14 13:17:01,298 [INFO] PluginManager:220 - loadIPPluginJar : add opamp
2024-07-14 13:17:01,333 [INFO] IPUIPlugin:80 - create IPUIPlugin
2024-07-14 13:17:01,333 [INFO] PluginManager:220 - loadIPPluginJar : add openamp
2024-07-14 13:17:01,380 [INFO] IPUIPlugin:80 - create IPUIPlugin
2024-07-14 13:17:01,381 [INFO] PluginManager:220 - loadIPPluginJar : add pdm2pcm
2024-07-14 13:17:01,389 [INFO] IPUIPlugin:80 - create IPUIPlugin
2024-07-14 13:17:01,391 [INFO] PluginManager:220 - loadIPPluginJar : add plateformsettings
2024-07-14 13:17:01,411 [INFO] IPUIPlugin:80 - create IPUIPlugin
2024-07-14 13:17:01,411 [INFO] PluginManager:220 - loadIPPluginJar : add quadspi
2024-07-14 13:17:01,434 [INFO] IPUIPlugin:80 - create IPUIPlugin
2024-07-14 13:17:01,435 [INFO] PluginManager:220 - loadIPPluginJar : add radio
2024-07-14 13:17:01,445 [INFO] IPUIPlugin:80 - create IPUIPlugin
2024-07-14 13:17:01,445 [INFO] PluginManager:220 - loadIPPluginJar : add resmgrutility
2024-07-14 13:17:01,494 [INFO] IPUIPlugin:80 - create IPUIPlugin
2024-07-14 13:17:01,494 [INFO] PluginManager:220 - loadIPPluginJar : add sai
2024-07-14 13:17:01,526 [INFO] IPUIPlugin:80 - create IPUIPlugin
2024-07-14 13:17:01,526 [INFO] PluginManager:220 - loadIPPluginJar : add spi
2024-07-14 13:17:01,579 [INFO] IPUIPlugin:80 - create IPUIPlugin
2024-07-14 13:17:01,579 [INFO] PluginManager:220 - loadIPPluginJar : add stm32_wpan
2024-07-14 13:17:01,595 [INFO] IPUIPlugin:80 - create IPUIPlugin
2024-07-14 13:17:01,595 [INFO] PluginManager:220 - loadIPPluginJar : add tim
2024-07-14 13:17:01,670 [INFO] IPUIPlugin:80 - create IPUIPlugin
2024-07-14 13:17:01,670 [INFO] PluginManager:220 - loadIPPluginJar : add touchsensing
2024-07-14 13:17:01,687 [INFO] IPUIPlugin:80 - create IPUIPlugin
2024-07-14 13:17:01,687 [INFO] PluginManager:220 - loadIPPluginJar : add tracer_emb
2024-07-14 13:17:01,703 [INFO] IPUIPlugin:80 - create IPUIPlugin
2024-07-14 13:17:01,703 [INFO] PluginManager:220 - loadIPPluginJar : add ts
2024-07-14 13:17:01,724 [INFO] IPUIPlugin:80 - create IPUIPlugin
2024-07-14 13:17:01,725 [INFO] PluginManager:220 - loadIPPluginJar : add tsc
2024-07-14 13:17:01,744 [INFO] IPUIPlugin:80 - create IPUIPlugin
2024-07-14 13:17:01,745 [INFO] PluginManager:220 - loadIPPluginJar : add ucpd
2024-07-14 13:17:01,786 [INFO] IPUIPlugin:80 - create IPUIPlugin
2024-07-14 13:17:01,786 [INFO] PluginManager:220 - loadIPPluginJar : add usart
2024-07-14 13:17:01,825 [INFO] IPUIPlugin:80 - create IPUIPlugin
2024-07-14 13:17:01,825 [INFO] PluginManager:220 - loadIPPluginJar : add usbx
2024-07-14 13:17:01,925 [INFO] CADModel:165 - CPN selected for project level
2024-07-14 13:17:01,925 [INFO] CADModel:114 - Register for checkConnection events
2024-07-14 13:17:01,925 [FATAL] Updater:334 - Updater called before beeing initialized
2024-07-14 13:17:01,925 [ERROR] CADModel:125 - Updater not yet initialized, retry later 
2024-07-14 13:17:01,989 [INFO] CADModel:165 - CPN selected for project level
2024-07-14 13:17:01,989 [INFO] CADModel:114 - Register for checkConnection events
2024-07-14 13:17:01,989 [FATAL] Updater:334 - Updater called before beeing initialized
2024-07-14 13:17:01,989 [ERROR] CADModel:125 - Updater not yet initialized, retry later 
2024-07-14 13:17:01,991 [FATAL] Updater:334 - Updater called before beeing initialized
2024-07-14 13:17:02,045 [FATAL] Updater:334 - Updater called before beeing initialized
2024-07-14 13:17:02,051 [INFO] DbMcusAds:53 - JSON generation date=Thu May 16 02:22:01 PDT 2024 (1715851321109)
2024-07-14 13:17:02,052 [FATAL] Updater:334 - Updater called before beeing initialized
2024-07-14 13:17:02,071 [WARN] DetailPanel:346 - Failed to get advertising image, set to default
2024-07-14 13:17:02,142 [FATAL] Updater:334 - Updater called before beeing initialized
2024-07-14 13:17:02,143 [FATAL] Updater:334 - Updater called before beeing initialized
2024-07-14 13:17:02,143 [FATAL] Updater:334 - Updater called before beeing initialized
2024-07-14 13:17:02,143 [WARN] DetailPanel:346 - Failed to get advertising image, set to default
2024-07-14 13:17:02,144 [FATAL] Updater:334 - Updater called before beeing initialized
2024-07-14 13:17:02,176 [ERROR] Updater:1164 - MainUpdater not yet initialized. External WinMGr cannot be set.
2024-07-14 13:17:02,182 [INFO] Updater:1100 - Updater Version found : 6.12.0
2024-07-14 13:17:02,191 [INFO] ApplicationProperties:184 - Using Application install path: C:\ST\STM32CubeIDE_1.16.0\STM32CubeIDE\plugins\com.st.stm32cube.common.mx_6.12.0.202406281431
2024-07-14 13:17:02,960 [INFO] ThirdPartyUpdaterWithRetryManager:70 - Updater plugin not ready yet. [2/15]
2024-07-14 13:17:03,760 [ERROR] LogOutputStream:75 - [STDERR_REDIRECT] Jul 14, 2024 1:17:03 PM java.util.prefs.WindowsPreferences <init>
2024-07-14 13:17:03,761 [ERROR] LogOutputStream:75 - [STDERR_REDIRECT] WARNING: Could not open/create prefs root node Software\JavaSoft\Prefs at root 0xffffffff80000002. Windows RegCreateKeyEx(...) returned error code 5.
2024-07-14 13:17:03,761 [ERROR] LogOutputStream:75 - [STDERR_REDIRECT] 
2024-07-14 13:17:04,421 [INFO] MainUpdater:2873 - connection check result : 10
2024-07-14 13:17:04,422 [INFO] MainUpdater:290 - Updater Check For Update Now.
2024-07-14 13:17:04,422 [INFO] MicroXplorer:498 - Change Database Version : DB.6.0.120
2024-07-14 13:17:04,432 [INFO] McuFinderGlobals:63 - Set McuFinder mode to 2 (CubeIDE integrated)
2024-07-14 13:17:04,436 [INFO] UserAuth:417 - Internet connection configuration mode: 1
2024-07-14 13:17:04,450 [INFO] JxBrowserEngine:152 - Initiate JxBrowser Engine with user profile folder
2024-07-14 13:17:04,584 [INFO] CheckServerUpdateThread:120 - End of CheckServer Thread
2024-07-14 13:17:05,995 [INFO] WebApp:167 - Instantiating new browser for Auth
2024-07-14 13:17:06,066 [WARN] PackLoader:240 - Cannot read IP mode file for STMicroelectronics.FP-SNS-MOTENVWB1.1.4.0
2024-07-14 13:17:06,077 [WARN] PackLoader:240 - Cannot read IP mode file for STMicroelectronics.X-CUBE-SMBUS.2.1.0
2024-07-14 13:17:06,104 [WARN] PackLoader:240 - Cannot read IP mode file for STMicroelectronics.X-CUBE-AZRTOS-F7.1.1.0
2024-07-14 13:17:06,117 [WARN] PackLoader:240 - Cannot read IP mode file for STMicroelectronics.FP-SNS-FLIGHT1.5.0.2
2024-07-14 13:17:06,131 [WARN] PackLoader:240 - Cannot read IP mode file for STMicroelectronics.X-CUBE-DISPLAY.3.0.0
2024-07-14 13:17:06,152 [WARN] PackLoader:240 - Cannot read IP mode file for STMicroelectronics.X-CUBE-BLE1.7.0.0
2024-07-14 13:17:06,165 [WARN] PackLoader:240 - Cannot read IP mode file for emotas.I-CUBE-CANOPEN.1.3.0
2024-07-14 13:17:06,177 [WARN] PackLoader:240 - Cannot read IP mode file for STMicroelectronics.X-CUBE-BLEMGR.3.1.0
2024-07-14 13:17:06,189 [WARN] PackLoader:240 - Cannot read IP mode file for STMicroelectronics.FP-SNS-SMARTAG2.1.2.0
2024-07-14 13:17:06,203 [INFO] LogOutputStream:77 - [STDOUT_REDIRECT] 1 : Invalid condition id : UX_CORESTACK_Condition cause : null
2024-07-14 13:17:06,203 [INFO] LogOutputStream:77 - [STDOUT_REDIRECT] 1 : Invalid condition id : UX_CORESTACK_Condition cause : null
2024-07-14 13:17:06,203 [INFO] LogOutputStream:77 - [STDOUT_REDIRECT] 1 : Invalid condition id : UX_CORESTACK_Condition cause : null
2024-07-14 13:17:06,204 [INFO] LogOutputStream:77 - [STDOUT_REDIRECT] 1 : Invalid condition id : UX_CORESTACK_Condition cause : null
2024-07-14 13:17:06,204 [INFO] LogOutputStream:77 - [STDOUT_REDIRECT] 1 : Invalid condition id : UX_CORESTACK_Condition cause : null
2024-07-14 13:17:06,205 [WARN] PackLoader:240 - Cannot read IP mode file for STMicroelectronics.X-CUBE-AZRTOS-WL.2.0.0
2024-07-14 13:17:06,214 [WARN] PackLoader:240 - Cannot read IP mode file for STMicroelectronics.FP-SNS-MOTENV1.5.0.0
2024-07-14 13:17:06,223 [WARN] PackLoader:240 - Cannot read IP mode file for wolfSSL.I-CUBE-wolfMQTT.1.19.0
2024-07-14 13:17:06,231 [WARN] PackLoader:240 - Cannot read IP mode file for WES.I-CUBE-Cesium.1.3.0
2024-07-14 13:17:06,243 [WARN] PackLoader:240 - Cannot read IP mode file for STMicroelectronics.X-CUBE-BLE2.3.3.0
2024-07-14 13:17:06,251 [WARN] PackLoader:240 - Cannot read IP mode file for STMicroelectronics.X-CUBE-TCPP.4.1.0
2024-07-14 13:17:06,265 [WARN] PackLoader:240 - Cannot read IP mode file for STMicroelectronics.X-CUBE-AZRTOS-G0.1.1.0
2024-07-14 13:17:06,279 [WARN] PackLoader:240 - Cannot read IP mode file for STMicroelectronics.X-CUBE-SAFEA1.1.2.2
2024-07-14 13:17:06,289 [WARN] PackLoader:240 - Cannot read IP mode file for STMicroelectronics.X-CUBE-NFC4.3.0.0
2024-07-14 13:17:06,303 [WARN] PackLoader:240 - Cannot read IP mode file for EmbeddedOffice.I-CUBE-FS-RTOS.1.0.1
2024-07-14 13:17:06,304 [ERROR] ConditionMgr:805 - Attr not supported : Dmpu
2024-07-14 13:17:06,304 [ERROR] ConditionMgr:805 - Attr not supported : Dmpu
2024-07-14 13:17:06,304 [ERROR] ConditionMgr:805 - Attr not supported : Dmpu
2024-07-14 13:17:06,304 [ERROR] ConditionMgr:805 - Attr not supported : Dmpu
2024-07-14 13:17:06,304 [ERROR] ConditionMgr:805 - Attr not supported : Dmpu
2024-07-14 13:17:06,304 [ERROR] ConditionMgr:805 - Attr not supported : Dmpu
2024-07-14 13:17:06,304 [ERROR] ConditionMgr:805 - Attr not supported : Dmpu
2024-07-14 13:17:06,304 [ERROR] ConditionMgr:805 - Attr not supported : Dmpu
2024-07-14 13:17:06,304 [ERROR] ConditionMgr:805 - Attr not supported : Dmpu
2024-07-14 13:17:06,304 [ERROR] ConditionMgr:805 - Attr not supported : Dmpu
2024-07-14 13:17:06,304 [ERROR] ConditionMgr:805 - Attr not supported : Dmpu
2024-07-14 13:17:06,304 [ERROR] ConditionMgr:805 - Attr not supported : Dmpu
2024-07-14 13:17:06,304 [ERROR] ConditionMgr:805 - Attr not supported : Dmpu
2024-07-14 13:17:06,304 [ERROR] ConditionMgr:805 - Attr not supported : Dmpu
2024-07-14 13:17:06,304 [ERROR] ConditionMgr:805 - Attr not supported : Dmpu
2024-07-14 13:17:06,304 [ERROR] ConditionMgr:805 - Attr not supported : Dmpu
2024-07-14 13:17:06,304 [ERROR] ConditionMgr:805 - Attr not supported : Dmpu
2024-07-14 13:17:06,304 [ERROR] ConditionMgr:805 - Attr not supported : Dmpu
2024-07-14 13:17:06,304 [ERROR] ConditionMgr:805 - Attr not supported : Dmpu
2024-07-14 13:17:06,304 [ERROR] ConditionMgr:805 - Attr not supported : Dmpu
2024-07-14 13:17:06,305 [ERROR] ConditionMgr:805 - Attr not supported : Dmpu
2024-07-14 13:17:06,305 [ERROR] ConditionMgr:805 - Attr not supported : Dmpu
2024-07-14 13:17:06,305 [ERROR] ConditionMgr:805 - Attr not supported : Dmpu
2024-07-14 13:17:06,305 [ERROR] ConditionMgr:805 - Attr not supported : Dmpu
2024-07-14 13:17:06,305 [ERROR] ConditionMgr:805 - Attr not supported : Dmpu
2024-07-14 13:17:06,305 [ERROR] ConditionMgr:805 - Attr not supported : Dmpu
2024-07-14 13:17:06,305 [ERROR] ConditionMgr:805 - Attr not supported : Dmpu
2024-07-14 13:17:06,305 [ERROR] ConditionMgr:805 - Attr not supported : Dmpu
2024-07-14 13:17:06,305 [ERROR] ConditionMgr:805 - Attr not supported : Dmpu
2024-07-14 13:17:06,305 [ERROR] ConditionMgr:805 - Attr not supported : Dmpu
2024-07-14 13:17:06,305 [ERROR] ConditionMgr:805 - Attr not supported : Dmpu
2024-07-14 13:17:06,305 [ERROR] ConditionMgr:805 - Attr not supported : Dmpu
2024-07-14 13:17:06,305 [ERROR] ConditionMgr:805 - Attr not supported : Dmpu
2024-07-14 13:17:06,305 [ERROR] ConditionMgr:805 - Attr not supported : Dmpu
2024-07-14 13:17:06,305 [ERROR] ConditionMgr:805 - Attr not supported : Dmpu
2024-07-14 13:17:06,305 [ERROR] ConditionMgr:805 - Attr not supported : Dmpu
2024-07-14 13:17:06,305 [ERROR] ConditionMgr:805 - Attr not supported : Dmpu
2024-07-14 13:17:06,305 [ERROR] ConditionMgr:805 - Attr not supported : Dmpu
2024-07-14 13:17:06,305 [ERROR] ConditionMgr:805 - Attr not supported : Dmpu
2024-07-14 13:17:06,305 [ERROR] ConditionMgr:805 - Attr not supported : Dmpu
2024-07-14 13:17:06,305 [ERROR] ConditionMgr:805 - Attr not supported : Dmpu
2024-07-14 13:17:06,305 [ERROR] ConditionMgr:805 - Attr not supported : Dmpu
2024-07-14 13:17:06,305 [ERROR] ConditionMgr:805 - Attr not supported : Dmpu
2024-07-14 13:17:06,305 [ERROR] ConditionMgr:805 - Attr not supported : Dmpu
2024-07-14 13:17:06,305 [ERROR] ConditionMgr:805 - Attr not supported : Dmpu
2024-07-14 13:17:06,305 [ERROR] ConditionMgr:805 - Attr not supported : Dmpu
2024-07-14 13:17:06,305 [ERROR] ConditionMgr:805 - Attr not supported : Dmpu
2024-07-14 13:17:06,307 [ERROR] ConditionMgr:805 - Attr not supported : Dmpu
2024-07-14 13:17:06,307 [ERROR] ConditionMgr:805 - Attr not supported : Dmpu
2024-07-14 13:17:06,307 [ERROR] ConditionMgr:805 - Attr not supported : Dmpu
2024-07-14 13:17:06,307 [ERROR] ConditionMgr:805 - Attr not supported : Dmpu
2024-07-14 13:17:06,307 [ERROR] ConditionMgr:805 - Attr not supported : Dmpu
2024-07-14 13:17:06,307 [ERROR] ConditionMgr:805 - Attr not supported : Dmpu
2024-07-14 13:17:06,307 [ERROR] ConditionMgr:805 - Attr not supported : Dmpu
2024-07-14 13:17:06,307 [ERROR] ConditionMgr:805 - Attr not supported : Dmpu
2024-07-14 13:17:06,307 [ERROR] ConditionMgr:805 - Attr not supported : Dmpu
2024-07-14 13:17:06,307 [ERROR] ConditionMgr:805 - Attr not supported : Dmpu
2024-07-14 13:17:06,307 [ERROR] ConditionMgr:805 - Attr not supported : Dmpu
2024-07-14 13:17:06,307 [ERROR] ConditionMgr:805 - Attr not supported : Dmpu
2024-07-14 13:17:06,307 [ERROR] ConditionMgr:805 - Attr not supported : Dmpu
2024-07-14 13:17:06,307 [ERROR] ConditionMgr:805 - Attr not supported : Dmpu
2024-07-14 13:17:06,307 [ERROR] ConditionMgr:805 - Attr not supported : Dmpu
2024-07-14 13:17:06,307 [ERROR] ConditionMgr:805 - Attr not supported : Dmpu
2024-07-14 13:17:06,307 [ERROR] ConditionMgr:805 - Attr not supported : Dmpu
2024-07-14 13:17:06,318 [WARN] PackLoader:240 - Cannot read IP mode file for RealThread.X-CUBE-RT-Thread_Nano.4.1.1
2024-07-14 13:17:06,329 [WARN] PackLoader:240 - Cannot read IP mode file for wolfSSL.I-CUBE-wolfSSL.5.7.0
2024-07-14 13:17:06,338 [WARN] PackLoader:240 - Cannot read IP mode file for STMicroelectronics.FP-ATR-SIGFOX1.3.2.0
2024-07-14 13:17:06,349 [WARN] PackLoader:240 - Cannot read IP mode file for STMicroelectronics.X-CUBE-EEPRMA1.5.1.0
2024-07-14 13:17:06,360 [WARN] PackLoader:240 - Cannot read IP mode file for ITTIA_DB.I-CUBE-ITTIADB.8.9.0
2024-07-14 13:17:06,385 [WARN] PackLoader:240 - Cannot read IP mode file for SEGGER.I-CUBE-embOS.1.3.1
2024-07-14 13:17:06,445 [WARN] PackLoader:240 - Cannot read IP mode file for STMicroelectronics.X-CUBE-ALGOBUILD.1.4.0
2024-07-14 13:17:06,464 [WARN] PackLoader:240 - Cannot read IP mode file for STMicroelectronics.X-CUBE-GNSS1.6.0.0
2024-07-14 13:17:06,473 [INFO] WebApp:448 - Apply proxy settings
2024-07-14 13:17:06,473 [INFO] WebApp:533 - Chromium requires no authentication
2024-07-14 13:17:06,478 [INFO] WebApp:476 - Direct internet connection detected
2024-07-14 13:17:06,487 [WARN] PackLoader:240 - Cannot read IP mode file for STMicroelectronics.X-CUBE-AZRTOS-F4.1.1.0
2024-07-14 13:17:06,498 [WARN] PackLoader:240 - Cannot read IP mode file for STMicroelectronics.X-CUBE-FREERTOS.1.2.0
2024-07-14 13:17:06,498 [INFO] WebApp:869 - Register for checkConnection events
2024-07-14 13:17:06,498 [INFO] WebApp:448 - Apply proxy settings
2024-07-14 13:17:06,498 [INFO] WebApp:533 - Chromium requires no authentication
2024-07-14 13:17:06,499 [INFO] WebApp:476 - Direct internet connection detected
2024-07-14 13:17:06,515 [WARN] PackLoader:240 - Cannot read IP mode file for STMicroelectronics.X-CUBE-AZRTOS-L5.2.0.0
2024-07-14 13:17:06,537 [WARN] PackLoader:240 - Cannot read IP mode file for STMicroelectronics.X-CUBE-NFC6.3.1.0
2024-07-14 13:17:06,550 [WARN] PackLoader:240 - Cannot read IP mode file for STMicroelectronics.X-CUBE-DPower.1.2.0
2024-07-14 13:17:06,562 [WARN] PackLoader:240 - Cannot read IP mode file for STMicroelectronics.X-CUBE-AI.9.0.0
2024-07-14 13:17:06,573 [WARN] PackLoader:240 - Cannot read IP mode file for STMicroelectronics.X-CUBE-NFC7.1.0.1
2024-07-14 13:17:06,583 [WARN] PackLoader:240 - Cannot read IP mode file for wolfSSL.I-CUBE-wolfTPM.3.2.0
2024-07-14 13:17:06,601 [WARN] ConditionMgr:438 - getConditionDescription Invalid condition id : LAN8742 Phy interface Condition cause : null
2024-07-14 13:17:06,601 [WARN] PackLoader:240 - Cannot read IP mode file for STMicroelectronics.X-CUBE-AZRTOS-L4.2.0.0
2024-07-14 13:17:06,602 [WARN] ConditionMgr:1039 - genDependencies : Invalid condition id : LAN8742 Phy interface Condition cause : null
2024-07-14 13:17:06,602 [WARN] ConditionMgr:1039 - genDependencies : Invalid condition id : LAN8742 Phy interface Condition cause : null
2024-07-14 13:17:06,602 [WARN] ConditionMgr:1039 - genDependencies : Invalid condition id : LAN8742 Phy interface Condition cause : null
2024-07-14 13:17:06,613 [WARN] PackLoader:240 - Cannot read IP mode file for STMicroelectronics.X-CUBE-SFXS2LP1.4.0.0
2024-07-14 13:17:06,631 [WARN] ConditionMgr:438 - getConditionDescription Invalid condition id : UX DEVICE CLASS RTOS Condition cause : null
2024-07-14 13:17:06,631 [WARN] ConditionMgr:438 - getConditionDescription Invalid condition id : UX DEVICE CLASS RTOS Condition cause : null
2024-07-14 13:17:06,632 [WARN] PackLoader:240 - Cannot read IP mode file for STMicroelectronics.X-CUBE-AZRTOS-WB.2.0.0
2024-07-14 13:17:06,632 [WARN] ConditionMgr:1039 - genDependencies : Invalid condition id : UX DEVICE CLASS RTOS Condition cause : null
2024-07-14 13:17:06,632 [WARN] ConditionMgr:1039 - genDependencies : Invalid condition id : UX DEVICE CLASS RTOS Condition cause : null
2024-07-14 13:17:06,632 [WARN] ConditionMgr:1039 - genDependencies : Invalid condition id : UX DEVICE CLASS RTOS Condition cause : null
2024-07-14 13:17:06,633 [WARN] ConditionMgr:1039 - genDependencies : Invalid condition id : UX DEVICE CLASS RTOS Condition cause : null
2024-07-14 13:17:06,633 [WARN] ConditionMgr:1039 - genDependencies : Invalid condition id : UX DEVICE CLASS RTOS Condition cause : null
2024-07-14 13:17:06,641 [INFO] WebApp:220 - Starting web application
2024-07-14 13:17:06,642 [INFO] WebApp:578 - Web application path used C:\ST\STM32CubeIDE_1.16.0\STM32CubeIDE\plugins\com.st.stm32cube.common.mx_6.12.0.202406281431\db\plugins\mcufinder\reactClient1\index.html
2024-07-14 13:17:06,645 [WARN] PackLoader:240 - Cannot read IP mode file for STMicroelectronics.X-CUBE-SUBG2.5.0.0
2024-07-14 13:17:06,658 [WARN] PackLoader:240 - Cannot read IP mode file for Cesanta.I-CUBE-Mongoose.7.13.0
2024-07-14 13:17:06,674 [WARN] PackLoader:240 - Cannot read IP mode file for STMicroelectronics.X-CUBE-AZRTOS-G4.2.0.0
2024-07-14 13:17:06,682 [WARN] PackLoader:240 - Cannot read IP mode file for STMicroelectronics.X-CUBE-ISPU.2.0.0
2024-07-14 13:17:06,692 [WARN] PackLoader:240 - Cannot read IP mode file for STMicroelectronics.X-CUBE-ALS.1.0.2
2024-07-14 13:17:06,714 [WARN] PackLoader:240 - Cannot read IP mode file for STMicroelectronics.X-CUBE-MEMS1.10.0.0
2024-07-14 13:17:06,761 [INFO] UserAuth:417 - Internet connection configuration mode: 1
2024-07-14 13:17:06,763 [WARN] PackLoader:240 - Cannot read IP mode file for STMicroelectronics.X-CUBE-TOUCHGFX.4.24.0
2024-07-14 13:17:06,776 [WARN] PackLoader:240 - Cannot read IP mode file for portGmbH.I-Cube-SoM-uGOAL.1.1.0
2024-07-14 13:17:06,796 [WARN] PackLoader:240 - Cannot read IP mode file for STMicroelectronics.X-CUBE-AZRTOS-H7RS.1.0.0
2024-07-14 13:17:06,806 [WARN] PackLoader:240 - Cannot read IP mode file for STMicroelectronics.FP-ATR-ASTRA1.2.0.0
2024-07-14 13:17:06,817 [WARN] PackLoader:240 - Cannot read IP mode file for STMicroelectronics.X-CUBE-TOF1.3.4.1
2024-07-14 13:17:06,842 [WARN] PackLoader:240 - Cannot read IP mode file for STMicroelectronics.X-CUBE-AZRTOS-H7.3.2.0
2024-07-14 13:17:06,861 [WARN] PackLoader:240 - Cannot read IP mode file for Infineon.AIROC-Wi-Fi-Bluetooth-STM32.1.6.0
2024-07-14 13:17:06,872 [WARN] PackLoader:240 - Cannot read IP mode file for wolfSSL.I-CUBE-wolfSSH.1.4.17
2024-07-14 13:17:06,873 [INFO] ThirdParty:978 - Integrity check success = true
2024-07-14 13:17:06,873 [INFO] IntegrityCheckThread:100 - exiting critical section [integrity check]
2024-07-14 13:17:06,873 [INFO] IntegrityCheckThread:103 - End integrity checks thread
2024-07-14 13:17:06,881 [INFO] WebApp:186 - Connection restablished
2024-07-14 13:39:02,187 [ERROR] LogOutputStream:75 - [STDERR_REDIRECT] 
2024-07-14 13:39:02,187 [ERROR] LogOutputStream:75 - [STDERR_REDIRECT] 
